<?xml version="1.0" encoding="UTF-8"?>
<testsuites>
<testsuite timestamp="2026-03-14T16:49:04" hostname="ASICLab" package="fifo" id="0" name="cover" tests="5" errors="0" failures="0" time="0" skipped="3">
<properties>
<property name="os" value="Linux"/>
<property name="expect" value="PASS"/>
<property name="status" value="PASS"/>
</properties>
<testcase classname="cover" name="build execution" time="0">
</testcase>
<testcase classname="cover" name="Property ASSERT in fifo_formal at fifo_formal.v:45.5-45.30" time="0" type="ASSERT" location="fifo_formal.v:45.5-45.30" id="_witness_.check_assert_fifo_formal_v_45_10">
<skipped />
</testcase>
<testcase classname="cover" name="Property ASSERT in fifo_formal at fifo_formal.v:48.5-48.33" time="0" type="ASSERT" location="fifo_formal.v:48.5-48.33" id="_witness_.check_assert_fifo_formal_v_48_14">
<skipped />
</testcase>
<testcase classname="cover" name="Property ASSERT in fifo_formal at fifo_formal.v:54.5-54.37" time="0" type="ASSERT" location="fifo_formal.v:54.5-54.37" id="_witness_.check_assert_fifo_formal_v_54_18">
<skipped />
</testcase>
<testcase classname="cover" name="Property COVER in fifo_formal at fifo_formal.v:58.27-58.40" time="0" type="COVER" location="fifo_formal.v:58.27-58.40" id="_witness_.check_cover_fifo_formal_v_58_21" tracefile="engine_0/trace1.vcd">
</testcase>
<testcase classname="cover" name="Property COVER in fifo_formal at fifo_formal.v:69.26-69.53" time="0" type="COVER" location="fifo_formal.v:69.26-69.53" id="_witness_.check_cover_fifo_formal_v_69_24" tracefile="engine_0/trace0.vcd">
</testcase>
<system-out>SBY 16:49:02 [fifo_bmc] Removing directory '/home/asiclab/FIFO/fifo_bmc'.
SBY 16:49:02 [fifo_cover] Removing directory '/home/asiclab/FIFO/fifo_cover'.
SBY 16:49:02 [fifo_cover] Copy '/home/asiclab/FIFO/Compare_ptrs.v' to '/home/asiclab/FIFO/fifo_cover/src/Compare_ptrs.v'.
SBY 16:49:02 [fifo_cover] Copy '/home/asiclab/FIFO/DD_SYN.v' to '/home/asiclab/FIFO/fifo_cover/src/DD_SYN.v'.
SBY 16:49:02 [fifo_cover] Copy '/home/asiclab/FIFO/FIFO_MEM.v' to '/home/asiclab/FIFO/fifo_cover/src/FIFO_MEM.v'.
SBY 16:49:02 [fifo_cover] Copy '/home/asiclab/FIFO/FIFO_TOP.v' to '/home/asiclab/FIFO/fifo_cover/src/FIFO_TOP.v'.
SBY 16:49:02 [fifo_cover] Copy '/home/asiclab/FIFO/rd_ptr_empty.v' to '/home/asiclab/FIFO/fifo_cover/src/rd_ptr_empty.v'.
SBY 16:49:02 [fifo_cover] Copy '/home/asiclab/FIFO/wrt_ptr_full.v' to '/home/asiclab/FIFO/fifo_cover/src/wrt_ptr_full.v'.
SBY 16:49:02 [fifo_cover] Copy '/home/asiclab/FIFO/fifo_formal.v' to '/home/asiclab/FIFO/fifo_cover/src/fifo_formal.v'.
SBY 16:49:02 [fifo_cover] engine_0: smtbmc
SBY 16:49:02 [fifo_cover] base: starting process &quot;cd fifo_cover/src; yosys -ql ../model/design.log ../model/design.ys&quot;
SBY 16:49:02 [fifo_cover] base: fifo_formal.v:54: Warning: Identifier `\dut.wrt_ptr' is implicitly declared.
SBY 16:49:02 [fifo_cover] base: Warning: Wire fifo_formal.\dut.wrt_ptr is used but has no driver.
SBY 16:49:02 [fifo_cover] base: finished (returncode=0)
SBY 16:49:02 [fifo_cover] prep: starting process &quot;cd fifo_cover/model; yosys -ql design_prep.log design_prep.ys&quot;
SBY 16:49:02 [fifo_cover] prep: finished (returncode=0)
SBY 16:49:03 [fifo_cover] smt2: starting process &quot;cd fifo_cover/model; yosys -ql design_smt2.log design_smt2.ys&quot;
SBY 16:49:03 [fifo_cover] smt2: finished (returncode=0)
SBY 16:49:03 [fifo_cover] engine_0: starting process &quot;cd fifo_cover; yosys-smtbmc --presat --unroll -c --noprogress -t 10  --append 0 --dump-vcd engine_0/trace%.vcd --dump-yw engine_0/trace%.yw --dump-vlogtb engine_0/trace%_tb.v --dump-smtc engine_0/trace%.smtc model/design_smt2.smt2&quot;
SBY 16:49:03 [fifo_cover] engine_0: ##   0:00:00  Solver: yices
SBY 16:49:03 [fifo_cover] engine_0: ##   0:00:00  Checking cover reachability in step 0..
SBY 16:49:03 [fifo_cover] engine_0: ##   0:00:00  Checking cover reachability in step 1..
SBY 16:49:03 [fifo_cover] engine_0: ##   0:00:00  Reached cover statement in step 1 at fifo_formal: fifo_formal.v:69.26-69.53 (_witness_.check_cover_fifo_formal_v_69_24)
SBY 16:49:03 [fifo_cover] engine_0: ##   0:00:00  Writing trace to VCD file: engine_0/trace0.vcd
SBY 16:49:04 [fifo_cover] engine_0: ##   0:00:00  Writing trace to Verilog testbench: engine_0/trace0_tb.v
SBY 16:49:04 [fifo_cover] engine_0: ##   0:00:00  Writing trace to constraints file: engine_0/trace0.smtc
SBY 16:49:04 [fifo_cover] engine_0: ##   0:00:00  Writing trace to Yosys witness file: engine_0/trace0.yw
SBY 16:49:04 [fifo_cover] engine_0: ##   0:00:00  Checking cover reachability in step 1..
SBY 16:49:04 [fifo_cover] engine_0: ##   0:00:00  Reached cover statement in step 1 at fifo_formal: fifo_formal.v:58.27-58.40 (_witness_.check_cover_fifo_formal_v_58_21)
SBY 16:49:04 [fifo_cover] engine_0: ##   0:00:00  Writing trace to VCD file: engine_0/trace1.vcd
SBY 16:49:04 [fifo_cover] engine_0: ##   0:00:00  Writing trace to Verilog testbench: engine_0/trace1_tb.v
SBY 16:49:04 [fifo_cover] engine_0: ##   0:00:00  Writing trace to constraints file: engine_0/trace1.smtc
SBY 16:49:04 [fifo_cover] engine_0: ##   0:00:00  Writing trace to Yosys witness file: engine_0/trace1.yw
SBY 16:49:04 [fifo_cover] engine_0: ##   0:00:00  Status: passed
SBY 16:49:04 [fifo_cover] engine_0: finished (returncode=0)
SBY 16:49:04 [fifo_cover] engine_0: Status returned by engine: pass
SBY 16:49:04 [fifo_cover] summary: Elapsed clock time [H:MM:SS (secs)]: 0:00:01 (1)
SBY 16:49:04 [fifo_cover] summary: Elapsed process time [H:MM:SS (secs)]: 0:00:00 (0)
SBY 16:49:04 [fifo_cover] summary: engine_0 (smtbmc) returned pass
SBY 16:49:04 [fifo_cover] summary: cover trace: fifo_cover/engine_0/trace0.vcd
SBY 16:49:04 [fifo_cover] summary:   reached cover statement fifo_formal._witness_.check_cover_fifo_formal_v_69_24 at fifo_formal.v:69.26-69.53 step 1
SBY 16:49:04 [fifo_cover] summary: cover trace: fifo_cover/engine_0/trace1.vcd
SBY 16:49:04 [fifo_cover] summary:   reached cover statement fifo_formal._witness_.check_cover_fifo_formal_v_58_21 at fifo_formal.v:58.27-58.40 step 1
SBY 16:49:04 [fifo_cover] DONE (PASS, rc=0)
</system-out>
<system-err>
</system-err>
</testsuite>
</testsuites>
